<?xml version="1.0" encoding="UTF-8"?>
<testsuite name="hu.bme.mit.train.tachograf.TachografTest" tests="1" skipped="0" failures="0" errors="0" timestamp="2019-04-01T14:12:32" hostname="ubuntu" time="0.021">
  <properties/>
  <testcase name="HasElements" classname="hu.bme.mit.train.tachograf.TachografTest" time="0.021"/>
  <system-out><![CDATA[]]></system-out>
  <system-err><![CDATA[]]></system-err>
</testsuite>
